231210 111859.112|CONFIG|main|setFileHandlers|Now logging to C:\Users\user\OneDrive\Bureau\Copy of pc2-9.6.0\pc2-9.6.0\logs directory.
231210 111859.113|INFO|main|info|
231210 111859.114|INFO|main|info|Version 9.6.0 20190102 (Wednesday, January 2nd 2019 01:20 UTC) Java ver 1.8.0_391 build 5102 Windows 10 10.0 (amd64) 
231210 111859.115|INFO|main|startLog|Working directory is C:\Users\user\OneDrive\Bureau\Copy of pc2-9.6.0\pc2-9.6.0
231210 111859.121|INFO|main|startLog|Process id is 3328@DESKTOP-RG33TK8
231210 111859.122|INFO|main|start|Starting ConnectionManager...
231210 111859.258|INFO|main|start|Started ConnectionManager
231210 111859.259|INFO|main|setClientServerAndPort|INIFile File location: file:/C:/Users/user/OneDrive/Bureau/Copy%20of%20pc2-9.6.0/pc2-9.6.0/pc2v9.ini
231210 111859.259|INFO|main|setClientServerAndPort|setClientServerAndPort pc2.codequest.lan parsed as pc2.codequest.lan port 50002
231210 111859.259|INFO|main|info|Contacting server at pc2.codequest.lan:50002
231210 111859.259|INFO|main|connectToMyServer|Connecting to pc2.codequest.lan:50002
231210 111859.316|INFO|Thread-1|receiveUnencrypted|receiveUnencrypted(TransportWrapper, ConnectionHandlerID=Socket[addr=pc2.codequest.lan/10.20.30.1,port=50002,localport=51266]-7619825703212238750)
231210 111859.475|INFO|Thread-1|receiveUnencrypted|receiveUnencrypted Made a secret key for Socket[addr=pc2.codequest.lan/10.20.30.1,port=50002,localport=51266]-7619825703212238750 key is com.sun.crypto.provider.DESKey@180cd
231210 111859.476|INFO|Thread-1|getPublicKeyPacket|Generating Unencrypted Public Key Packet
231210 111859.477|INFO|Thread-1|getPublicKeyPacket|checking key:= SunJCE Diffie-Hellman Public Key:
y:
    3132919d c3e51b05 1055fb5e c59c92cb 1bfc6523 67623061 6840052b fd076f54
    921d033b 144b46ff d2efd559 adff1f23 f983e4bc e8cf1a76 ad7d8e1e 570eae08
    dfd9aef6 ebe23aef a234215b a0d90633 05b5aba7 133e6088 327159fe faf0817d
    c522c87e 42250bc3 89369d28 e6196661 3aed87bb 8ba7ad8f 99b8318c 65bdf025
p:
    f488fd58 4e49dbcd 20b49de4 9107366b 336c380d 451d0f7c 88b31c7c 5b2d8ef6
    f3c923c0 43f0a55b 188d8ebb 558cb85d 38d334fd 7c175743 a31d186c de33212c
    b52aff3c e1b12940 18118d7c 84a70a72 d686c403 19c80729 7aca950c d9969fab
    d00a509b 0246d308 3d66a45d 419f9c7c bd894b22 1926baab a25ec355 e92f78c7
g:
    02
l:
    512
231210 111859.477|INFO|Thread-1|getPublicKeyPacket|packet:= edu.csus.ecs.pc2.core.transport.TransportWrapper@35343ac0
