231210 132829.065|CONFIG|main|setFileHandlers|Now logging to C:\Users\user\OneDrive\Bureau\Copy of pc2-9.6.0\pc2-9.6.0\logs directory.
231210 132829.066|INFO|main|info|
231210 132829.067|INFO|main|info|Version 9.6.0 20190102 (Wednesday, January 2nd 2019 01:20 UTC) Java ver 1.8.0_391 build 5102 Windows 10 10.0 (amd64) 
231210 132829.068|INFO|main|startLog|Working directory is C:\Users\user\OneDrive\Bureau\Copy of pc2-9.6.0\pc2-9.6.0
231210 132829.074|INFO|main|startLog|Process id is 11964@DESKTOP-RG33TK8
231210 132829.074|INFO|main|start|Starting ConnectionManager...
231210 132829.210|INFO|main|start|Started ConnectionManager
231210 132829.211|INFO|main|setClientServerAndPort|INIFile File location: file:/C:/Users/user/OneDrive/Bureau/Copy%20of%20pc2-9.6.0/pc2-9.6.0/pc2v9.ini
231210 132829.211|INFO|main|setClientServerAndPort|setClientServerAndPort pc2.codequest.lan parsed as pc2.codequest.lan port 50002
231210 132829.211|INFO|main|info|Contacting server at pc2.codequest.lan:50002
231210 132829.212|INFO|main|connectToMyServer|Connecting to pc2.codequest.lan:50002
231210 132829.271|INFO|Thread-1|receiveUnencrypted|receiveUnencrypted(TransportWrapper, ConnectionHandlerID=Socket[addr=pc2.codequest.lan/10.20.30.1,port=50002,localport=58576]-577617604528667101)
231210 132829.391|INFO|Thread-1|receiveUnencrypted|receiveUnencrypted Made a secret key for Socket[addr=pc2.codequest.lan/10.20.30.1,port=50002,localport=58576]-577617604528667101 key is com.sun.crypto.provider.DESKey@fffe7ae1
231210 132829.392|INFO|Thread-1|getPublicKeyPacket|Generating Unencrypted Public Key Packet
231210 132829.393|INFO|Thread-1|getPublicKeyPacket|checking key:= SunJCE Diffie-Hellman Public Key:
y:
    dcd81b1f 92a55cb6 fe43d3d1 c12897f0 7fbf4997 2e1fed53 e40d22ad 58a7f7bd
    cf0fcdb0 30669ee1 adbeac10 47abb5e2 4666e6f7 3832f4a0 67b82d4a 84df64d8
    d3c59dec 2b12cb37 c269364b d7d4bdba 5444e935 6ea4e28f 4d108379 28fa5f64
    baa22264 4fca1228 dc30f820 cd17d529 5723ca9f 03de0ed6 6982e762 c554c87e
p:
    f488fd58 4e49dbcd 20b49de4 9107366b 336c380d 451d0f7c 88b31c7c 5b2d8ef6
    f3c923c0 43f0a55b 188d8ebb 558cb85d 38d334fd 7c175743 a31d186c de33212c
    b52aff3c e1b12940 18118d7c 84a70a72 d686c403 19c80729 7aca950c d9969fab
    d00a509b 0246d308 3d66a45d 419f9c7c bd894b22 1926baab a25ec355 e92f78c7
g:
    02
l:
    512
231210 132829.393|INFO|Thread-1|getPublicKeyPacket|packet:= edu.csus.ecs.pc2.core.transport.TransportWrapper@35343ac0
231210 180811.117|INFO|Thread-1|receive|EOFException in receive for Socket[addr=pc2.codequest.lan/10.20.30.1,port=50002,localport=58576]-577617604528667101
|java.io.EOFException: null
|    at java.io.ObjectInputStream$BlockDataInputStream.peekByte (Unknown Source)
|    at java.io.ObjectInputStream.readObject0 (Unknown Source)
|    at java.io.ObjectInputStream.readObject (Unknown Source)
|    at java.io.ObjectInputStream.readObject (Unknown Source)
|    at edu.csus.ecs.pc2.core.transport.ConnectionHandlerThread.receive (ConnectionHandlerThread.java:151)
|    at edu.csus.ecs.pc2.core.transport.ConnectionHandlerClientThread.run (ConnectionHandlerClientThread.java:65)
231210 180811.120|FINER|Thread-1|run|THROW
|edu.csus.ecs.pc2.core.transport.TransportException: null
|    at edu.csus.ecs.pc2.core.transport.ConnectionHandlerThread.receive (ConnectionHandlerThread.java:158)
|    at edu.csus.ecs.pc2.core.transport.ConnectionHandlerClientThread.run (ConnectionHandlerClientThread.java:65)
231210 180811.120|FINER|Thread-1|run - e.getmessage is null()|THROW
|edu.csus.ecs.pc2.core.transport.TransportException: null
|    at edu.csus.ecs.pc2.core.transport.ConnectionHandlerThread.receive (ConnectionHandlerThread.java:158)
|    at edu.csus.ecs.pc2.core.transport.ConnectionHandlerClientThread.run (ConnectionHandlerClientThread.java:65)
