230217 201629.174|CONFIG|main|setFileHandlers|Now logging to C:\Users\support\Downloads\Wintercup Ressource\pc2-9.6.0\bin\logs directory.
230217 201629.174|INFO|main|info|
230217 201629.174|INFO|main|info|Version 9.6.0 20190102 (Wednesday, January 2nd 2019 01:20 UTC) Java ver 17.0.5 build 5102 Windows 11 10.0 (amd64) 
230217 201629.174|INFO|main|startLog|Working directory is C:\Users\support\Downloads\Wintercup Ressource\pc2-9.6.0\bin
230217 201629.242|INFO|main|startLog|Process id is 25888@PC3-2022
230217 201629.242|INFO|main|start|Starting ConnectionManager...
230217 201629.412|INFO|main|start|Started ConnectionManager
230217 201629.429|INFO|main|setClientServerAndPort|INIFile File location: file:/C:/Users/support/Downloads/Wintercup%20Ressource/pc2-9.6.0/bin/pc2v9.ini
230217 201629.429|INFO|main|setClientServerAndPort|setClientServerAndPort localhost parsed as localhost port 50002
230217 201629.429|INFO|main|info|Contacting server at localhost:50002
230217 201629.429|INFO|main|connectToMyServer|Connecting to localhost:50002
230217 201629.459|INFO|main|<init>|IO Exception:localhost
230217 201629.459|INFO|main|connectToMyServer|Could not ConnectToMyServer()
230217 201629.459|INFO|main|start|Exception contacting my server 
|edu.csus.ecs.pc2.core.transport.TransportException: Connection refused: connect
|    at edu.csus.ecs.pc2.core.transport.TransportManager.connectToMyServer (TransportManager.java:197)
|    at edu.csus.ecs.pc2.core.transport.connection.ConnectionManager.connectToMyServer (ConnectionManager.java:99)
|    at edu.csus.ecs.pc2.core.InternalController.start (InternalController.java:2853)
|    at edu.csus.ecs.pc2.Starter.main (Starter.java:49)
230217 201629.459|INFO|main|info|Unable to contact server at localhost:0 Connection refused: connect
