231210 103339.891|CONFIG|main|setFileHandlers|Now logging to C:\Users\user\OneDrive\Bureau\Copy of pc2-9.6.0\pc2-9.6.0\bin\logs directory.
231210 103339.892|INFO|main|info|
231210 103339.894|INFO|main|info|Version 9.6.0 20190102 (Wednesday, January 2nd 2019 01:20 UTC) Java ver 1.8.0_391 build 5102 Windows 10 10.0 (amd64) 
231210 103339.895|INFO|main|startLog|Working directory is C:\Users\user\OneDrive\Bureau\Copy of pc2-9.6.0\pc2-9.6.0\bin
231210 103339.902|INFO|main|startLog|Process id is 13004@DESKTOP-RG33TK8
231210 103339.902|INFO|main|start|Starting ConnectionManager...
231210 103340.044|INFO|main|start|Started ConnectionManager
231210 103340.045|INFO|main|setClientServerAndPort|INIFile File location: file:/C:/Users/user/OneDrive/Bureau/Copy%20of%20pc2-9.6.0/pc2-9.6.0/bin/pc2v9.ini
231210 103340.045|INFO|main|setClientServerAndPort|setClientServerAndPort pc2.wintercup.lan parsed as pc2.wintercup.lan port 50002
231210 103340.045|INFO|main|info|Contacting server at pc2.wintercup.lan:50002
231210 103340.045|INFO|main|connectToMyServer|Connecting to pc2.wintercup.lan:50002
231210 103351.128|INFO|main|<init>|could not resolve host:pc2.wintercup.lan
231210 103351.129|INFO|main|connectToMyServer|Could not ConnectToMyServer()
231210 103351.129|INFO|main|start|Exception contacting my server 
|edu.csus.ecs.pc2.core.transport.TransportException: pc2.wintercup.lan
|    at edu.csus.ecs.pc2.core.transport.TransportManager.connectToMyServer (TransportManager.java:197)
|    at edu.csus.ecs.pc2.core.transport.connection.ConnectionManager.connectToMyServer (ConnectionManager.java:99)
|    at edu.csus.ecs.pc2.core.InternalController.start (InternalController.java:2853)
|    at edu.csus.ecs.pc2.Starter.main (Starter.java:49)
231210 103351.129|INFO|main|info|Unable to contact server at pc2.wintercup.lan:0 pc2.wintercup.lan
